<?xml version="1.0" encoding="UTF-8"?>
<!-- Generated by org.testng.reporters.JUnitReportReporter -->
<testsuite hostname="SSULANGI-SB4HK3" failures="0" tests="100" name="testcase.UserCreationDDT" time="1369.728" errors="1" timestamp="2024-07-10T14:51:45 PST" skipped="0">
  <testcase classname="testcase.UserCreationDDT" name="UserCreation" time="13.649"/>
  <testcase classname="testcase.UserCreationDDT" name="UserCreation" time="13.475"/>
  <testcase classname="testcase.UserCreationDDT" name="UserCreation" time="14.233"/>
  <testcase classname="testcase.UserCreationDDT" name="UserCreation" time="13.533"/>
  <testcase classname="testcase.UserCreationDDT" name="UserCreation" time="13.470"/>
  <testcase classname="testcase.UserCreationDDT" name="UserCreation" time="13.626"/>
  <testcase classname="testcase.UserCreationDDT" name="UserCreation" time="12.824"/>
  <testcase classname="testcase.UserCreationDDT" name="UserCreation" time="14.081"/>
  <testcase classname="testcase.UserCreationDDT" name="UserCreation" time="13.648"/>
  <testcase classname="testcase.UserCreationDDT" name="UserCreation" time="13.246"/>
  <testcase classname="testcase.UserCreationDDT" name="UserCreation" time="13.716"/>
  <testcase classname="testcase.UserCreationDDT" name="UserCreation" time="13.622"/>
  <testcase classname="testcase.UserCreationDDT" name="UserCreation" time="14.149"/>
  <testcase classname="testcase.UserCreationDDT" name="UserCreation" time="13.580"/>
  <testcase classname="testcase.UserCreationDDT" name="UserCreation" time="12.760"/>
  <testcase classname="testcase.UserCreationDDT" name="UserCreation" time="13.652"/>
  <testcase classname="testcase.UserCreationDDT" name="UserCreation" time="13.756"/>
  <testcase classname="testcase.UserCreationDDT" name="UserCreation" time="13.454"/>
  <testcase classname="testcase.UserCreationDDT" name="UserCreation" time="13.731"/>
  <testcase classname="testcase.UserCreationDDT" name="UserCreation" time="13.779"/>
  <testcase classname="testcase.UserCreationDDT" name="UserCreation" time="13.439"/>
  <testcase classname="testcase.UserCreationDDT" name="UserCreation" time="13.640"/>
  <testcase classname="testcase.UserCreationDDT" name="UserCreation" time="13.650"/>
  <testcase classname="testcase.UserCreationDDT" name="UserCreation" time="13.812"/>
  <testcase classname="testcase.UserCreationDDT" name="UserCreation" time="13.484"/>
  <testcase classname="testcase.UserCreationDDT" name="UserCreation" time="12.963"/>
  <testcase classname="testcase.UserCreationDDT" name="UserCreation" time="12.855">
    <error message="element not interactable
  (Session info: chrome=126.0.6478.127)
Build info: version: &#039;4.22.0&#039;, revision: &#039;c5f3146703*&#039;
System info: os.name: &#039;Windows 11&#039;, os.arch: &#039;amd64&#039;, os.version: &#039;10.0&#039;, java.version: &#039;22.0.1&#039;
Driver info: org.openqa.selenium.chrome.ChromeDriver
Command: [417ef02c968a985905875ac32bc2bd57, clickElement {id=f.473EC2504472D6CF0879CCB7B916C1DB.d.25A097BD72127E437E8E32B4FFFFF0C1.e.171}]
Capabilities {acceptInsecureCerts: false, browserName: chrome, browserVersion: 126.0.6478.127, chrome: {chromedriverVersion: 126.0.6478.126 (d36ace6122e..., userDataDir: C:\Users\ssulangi\AppData\L...}, fedcm:accounts: true, goog:chromeOptions: {debuggerAddress: localhost:51367}, networkConnectionEnabled: false, pageLoadStrategy: normal, platformName: windows, proxy: Proxy(), se:cdp: ws://localhost:51367/devtoo..., se:cdpVersion: 126.0.6478.127, setWindowRect: true, strictFileInteractability: false, timeouts: {implicit: 0, pageLoad: 300000, script: 30000}, unhandledPromptBehavior: dismiss and notify, webauthn:extension:credBlob: true, webauthn:extension:largeBlob: true, webauthn:extension:minPinLength: true, webauthn:extension:prf: true, webauthn:virtualAuthenticators: true}
Element: [[ChromeDriver: chrome on windows (417ef02c968a985905875ac32bc2bd57)] -&gt; xpath: //a[@id=&#039;logout2&#039;]]
Session ID: 417ef02c968a985905875ac32bc2bd57" type="org.openqa.selenium.ElementNotInteractableException">
      <![CDATA[org.openqa.selenium.ElementNotInteractableException: element not interactable
  (Session info: chrome=126.0.6478.127)
Build info: version: '4.22.0', revision: 'c5f3146703*'
System info: os.name: 'Windows 11', os.arch: 'amd64', os.version: '10.0', java.version: '22.0.1'
Driver info: org.openqa.selenium.chrome.ChromeDriver
Command: [417ef02c968a985905875ac32bc2bd57, clickElement {id=f.473EC2504472D6CF0879CCB7B916C1DB.d.25A097BD72127E437E8E32B4FFFFF0C1.e.171}]
Capabilities {acceptInsecureCerts: false, browserName: chrome, browserVersion: 126.0.6478.127, chrome: {chromedriverVersion: 126.0.6478.126 (d36ace6122e..., userDataDir: C:\Users\ssulangi\AppData\L...}, fedcm:accounts: true, goog:chromeOptions: {debuggerAddress: localhost:51367}, networkConnectionEnabled: false, pageLoadStrategy: normal, platformName: windows, proxy: Proxy(), se:cdp: ws://localhost:51367/devtoo..., se:cdpVersion: 126.0.6478.127, setWindowRect: true, strictFileInteractability: false, timeouts: {implicit: 0, pageLoad: 300000, script: 30000}, unhandledPromptBehavior: dismiss and notify, webauthn:extension:credBlob: true, webauthn:extension:largeBlob: true, webauthn:extension:minPinLength: true, webauthn:extension:prf: true, webauthn:virtualAuthenticators: true}
Element: [[ChromeDriver: chrome on windows (417ef02c968a985905875ac32bc2bd57)] -> xpath: //a[@id='logout2']]
Session ID: 417ef02c968a985905875ac32bc2bd57
at java.base/jdk.internal.reflect.DirectConstructorHandleAccessor.newInstance(DirectConstructorHandleAccessor.java:62)
at java.base/java.lang.reflect.Constructor.newInstanceWithCaller(Constructor.java:502)
at java.base/java.lang.reflect.Constructor.newInstance(Constructor.java:486)
at org.openqa.selenium.remote.ErrorCodec.decode(ErrorCodec.java:167)
at org.openqa.selenium.remote.codec.w3c.W3CHttpResponseCodec.decode(W3CHttpResponseCodec.java:138)
at org.openqa.selenium.remote.codec.w3c.W3CHttpResponseCodec.decode(W3CHttpResponseCodec.java:50)
at org.openqa.selenium.remote.HttpCommandExecutor.execute(HttpCommandExecutor.java:190)
at org.openqa.selenium.remote.service.DriverCommandExecutor.invokeExecute(DriverCommandExecutor.java:216)
at org.openqa.selenium.remote.service.DriverCommandExecutor.execute(DriverCommandExecutor.java:174)
at org.openqa.selenium.remote.RemoteWebDriver.execute(RemoteWebDriver.java:518)
at org.openqa.selenium.remote.RemoteWebElement.execute(RemoteWebElement.java:223)
at org.openqa.selenium.remote.RemoteWebElement.click(RemoteWebElement.java:76)
at testcase.UserCreationDDT.UserCreation(UserCreationDDT.java:57)
at java.base/jdk.internal.reflect.DirectMethodHandleAccessor.invoke(DirectMethodHandleAccessor.java:103)
at java.base/java.lang.reflect.Method.invoke(Method.java:580)
at org.testng.internal.invokers.MethodInvocationHelper.invokeMethod(MethodInvocationHelper.java:141)
at org.testng.internal.invokers.TestInvoker.invokeMethod(TestInvoker.java:686)
at org.testng.internal.invokers.TestInvoker.invokeTestMethod(TestInvoker.java:230)
at org.testng.internal.invokers.MethodRunner.runInSequence(MethodRunner.java:63)
at org.testng.internal.invokers.TestInvoker$MethodInvocationAgent.invoke(TestInvoker.java:992)
at org.testng.internal.invokers.TestInvoker.invokeTestMethods(TestInvoker.java:203)
at org.testng.internal.invokers.TestMethodWorker.invokeTestMethods(TestMethodWorker.java:154)
at org.testng.internal.invokers.TestMethodWorker.run(TestMethodWorker.java:134)
at java.base/java.util.ArrayList.forEach(ArrayList.java:1597)
at org.testng.TestRunner.privateRun(TestRunner.java:739)
at org.testng.TestRunner.run(TestRunner.java:614)
at org.testng.SuiteRunner.runTest(SuiteRunner.java:421)
at org.testng.SuiteRunner.runSequentially(SuiteRunner.java:413)
at org.testng.SuiteRunner.privateRun(SuiteRunner.java:373)
at org.testng.SuiteRunner.run(SuiteRunner.java:312)
at org.testng.SuiteRunnerWorker.runSuite(SuiteRunnerWorker.java:52)
at org.testng.SuiteRunnerWorker.run(SuiteRunnerWorker.java:95)
at org.testng.TestNG.runSuitesSequentially(TestNG.java:1274)
at org.testng.TestNG.runSuitesLocally(TestNG.java:1208)
at org.testng.TestNG.runSuites(TestNG.java:1112)
at org.testng.TestNG.run(TestNG.java:1079)
at org.testng.remote.AbstractRemoteTestNG.run(AbstractRemoteTestNG.java:115)
at org.testng.remote.RemoteTestNG.initAndRun(RemoteTestNG.java:293)
at org.testng.remote.RemoteTestNG.main(RemoteTestNG.java:91)
]]>
    </error>
  </testcase> <!-- UserCreation -->
  <testcase classname="testcase.UserCreationDDT" name="UserCreation" time="14.149"/>
  <testcase classname="testcase.UserCreationDDT" name="UserCreation" time="13.690"/>
  <testcase classname="testcase.UserCreationDDT" name="UserCreation" time="13.372"/>
  <testcase classname="testcase.UserCreationDDT" name="UserCreation" time="13.766"/>
  <testcase classname="testcase.UserCreationDDT" name="UserCreation" time="13.783"/>
  <testcase classname="testcase.UserCreationDDT" name="UserCreation" time="13.952"/>
  <testcase classname="testcase.UserCreationDDT" name="UserCreation" time="14.268"/>
  <testcase classname="testcase.UserCreationDDT" name="UserCreation" time="13.584"/>
  <testcase classname="testcase.UserCreationDDT" name="UserCreation" time="13.714"/>
  <testcase classname="testcase.UserCreationDDT" name="UserCreation" time="13.889"/>
  <testcase classname="testcase.UserCreationDDT" name="UserCreation" time="13.876"/>
  <testcase classname="testcase.UserCreationDDT" name="UserCreation" time="13.584"/>
  <testcase classname="testcase.UserCreationDDT" name="UserCreation" time="13.502"/>
  <testcase classname="testcase.UserCreationDDT" name="UserCreation" time="14.187"/>
  <testcase classname="testcase.UserCreationDDT" name="UserCreation" time="13.696"/>
  <testcase classname="testcase.UserCreationDDT" name="UserCreation" time="13.664"/>
  <testcase classname="testcase.UserCreationDDT" name="UserCreation" time="13.167"/>
  <testcase classname="testcase.UserCreationDDT" name="UserCreation" time="13.594"/>
  <testcase classname="testcase.UserCreationDDT" name="UserCreation" time="13.710"/>
  <testcase classname="testcase.UserCreationDDT" name="UserCreation" time="13.961"/>
  <testcase classname="testcase.UserCreationDDT" name="UserCreation" time="13.914"/>
  <testcase classname="testcase.UserCreationDDT" name="UserCreation" time="13.615"/>
  <testcase classname="testcase.UserCreationDDT" name="UserCreation" time="14.319"/>
  <testcase classname="testcase.UserCreationDDT" name="UserCreation" time="13.583"/>
  <testcase classname="testcase.UserCreationDDT" name="UserCreation" time="12.841"/>
  <testcase classname="testcase.UserCreationDDT" name="UserCreation" time="13.739"/>
  <testcase classname="testcase.UserCreationDDT" name="UserCreation" time="13.518"/>
  <testcase classname="testcase.UserCreationDDT" name="UserCreation" time="13.917"/>
  <testcase classname="testcase.UserCreationDDT" name="UserCreation" time="13.399"/>
  <testcase classname="testcase.UserCreationDDT" name="UserCreation" time="13.793"/>
  <testcase classname="testcase.UserCreationDDT" name="UserCreation" time="13.678"/>
  <testcase classname="testcase.UserCreationDDT" name="UserCreation" time="12.910"/>
  <testcase classname="testcase.UserCreationDDT" name="UserCreation" time="13.597"/>
  <testcase classname="testcase.UserCreationDDT" name="UserCreation" time="14.426"/>
  <testcase classname="testcase.UserCreationDDT" name="UserCreation" time="13.668"/>
  <testcase classname="testcase.UserCreationDDT" name="UserCreation" time="14.281"/>
  <testcase classname="testcase.UserCreationDDT" name="UserCreation" time="14.346"/>
  <testcase classname="testcase.UserCreationDDT" name="UserCreation" time="13.883"/>
  <testcase classname="testcase.UserCreationDDT" name="UserCreation" time="14.040"/>
  <testcase classname="testcase.UserCreationDDT" name="UserCreation" time="13.854"/>
  <testcase classname="testcase.UserCreationDDT" name="UserCreation" time="13.603"/>
  <testcase classname="testcase.UserCreationDDT" name="UserCreation" time="13.472"/>
  <testcase classname="testcase.UserCreationDDT" name="UserCreation" time="16.007"/>
  <testcase classname="testcase.UserCreationDDT" name="UserCreation" time="13.174"/>
  <testcase classname="testcase.UserCreationDDT" name="UserCreation" time="13.727"/>
  <testcase classname="testcase.UserCreationDDT" name="UserCreation" time="13.976"/>
  <testcase classname="testcase.UserCreationDDT" name="UserCreation" time="13.494"/>
  <testcase classname="testcase.UserCreationDDT" name="UserCreation" time="13.551"/>
  <testcase classname="testcase.UserCreationDDT" name="UserCreation" time="13.949"/>
  <testcase classname="testcase.UserCreationDDT" name="UserCreation" time="13.567"/>
  <testcase classname="testcase.UserCreationDDT" name="UserCreation" time="13.706"/>
  <testcase classname="testcase.UserCreationDDT" name="UserCreation" time="13.847"/>
  <testcase classname="testcase.UserCreationDDT" name="UserCreation" time="13.869"/>
  <testcase classname="testcase.UserCreationDDT" name="UserCreation" time="13.889"/>
  <testcase classname="testcase.UserCreationDDT" name="UserCreation" time="13.478"/>
  <testcase classname="testcase.UserCreationDDT" name="UserCreation" time="13.756"/>
  <testcase classname="testcase.UserCreationDDT" name="UserCreation" time="12.884"/>
  <testcase classname="testcase.UserCreationDDT" name="UserCreation" time="14.070"/>
  <testcase classname="testcase.UserCreationDDT" name="UserCreation" time="13.739"/>
  <testcase classname="testcase.UserCreationDDT" name="UserCreation" time="13.944"/>
  <testcase classname="testcase.UserCreationDDT" name="UserCreation" time="13.477"/>
  <testcase classname="testcase.UserCreationDDT" name="UserCreation" time="13.685"/>
  <testcase classname="testcase.UserCreationDDT" name="UserCreation" time="13.506"/>
  <testcase classname="testcase.UserCreationDDT" name="UserCreation" time="13.641"/>
  <testcase classname="testcase.UserCreationDDT" name="UserCreation" time="13.665"/>
  <testcase classname="testcase.UserCreationDDT" name="UserCreation" time="13.683"/>
  <testcase classname="testcase.UserCreationDDT" name="UserCreation" time="13.625"/>
  <testcase classname="testcase.UserCreationDDT" name="UserCreation" time="13.878"/>
  <testcase classname="testcase.UserCreationDDT" name="UserCreation" time="13.577"/>
  <testcase classname="testcase.UserCreationDDT" name="UserCreation" time="13.749"/>
  <testcase classname="testcase.UserCreationDDT" name="UserCreation" time="13.530"/>
  <testcase classname="testcase.UserCreationDDT" name="UserCreation" time="14.170"/>
  <testcase classname="testcase.UserCreationDDT" name="UserCreation" time="13.584"/>
</testsuite> <!-- testcase.UserCreationDDT -->
